2013/05/08 12:41:49 [error] [php] Undefined index: r (/Applications/MAMP/htdocs/dcadmin/protected/components/RequireLogin.php:12)
Stack trace:
#0 /Applications/MAMP/Library/yii/base/CApplication.php(167): CWebApplication->onBeginRequest()
#1 /Applications/MAMP/htdocs/dcadmin/index.php(15): CWebApplication->run()
REQUEST_URI=/dcadmin/index.php
2013/05/08 12:42:21 [error] [php] Undefined index: r (/Applications/MAMP/htdocs/dcadmin/protected/components/RequireLogin.php:12)
Stack trace:
#0 /Applications/MAMP/Library/yii/base/CApplication.php(167): CWebApplication->onBeginRequest()
#1 /Applications/MAMP/htdocs/dcadmin/index.php(15): CWebApplication->run()
REQUEST_URI=/dcadmin/index.php
2013/05/08 12:42:22 [error] [php] Undefined index: r (/Applications/MAMP/htdocs/dcadmin/protected/components/RequireLogin.php:12)
Stack trace:
#0 /Applications/MAMP/Library/yii/base/CApplication.php(167): CWebApplication->onBeginRequest()
#1 /Applications/MAMP/htdocs/dcadmin/index.php(15): CWebApplication->run()
REQUEST_URI=/dcadmin/index.php
2013/05/08 12:42:24 [error] [php] Undefined index: r (/Applications/MAMP/htdocs/dcadmin/protected/components/RequireLogin.php:12)
Stack trace:
#0 /Applications/MAMP/Library/yii/base/CApplication.php(167): CWebApplication->onBeginRequest()
#1 /Applications/MAMP/htdocs/dcadmin/index.php(15): CWebApplication->run()
REQUEST_URI=/dcadmin/index.php
2013/05/08 12:44:23 [error] [php] Use of undefined constant Ô - assumed 'Ô' (/Applications/MAMP/htdocs/dcadmin/protected/components/RequireLogin.php:12)
Stack trace:
#0 /Applications/MAMP/Library/yii/base/CApplication.php(167): CWebApplication->onBeginRequest()
#1 /Applications/MAMP/htdocs/dcadmin/index.php(15): CWebApplication->run()
REQUEST_URI=/dcadmin/index.php/site/login
2013/05/08 12:44:26 [error] [php] Use of undefined constant Ô - assumed 'Ô' (/Applications/MAMP/htdocs/dcadmin/protected/components/RequireLogin.php:12)
Stack trace:
#0 /Applications/MAMP/Library/yii/base/CApplication.php(167): CWebApplication->onBeginRequest()
#1 /Applications/MAMP/htdocs/dcadmin/index.php(15): CWebApplication->run()
REQUEST_URI=/dcadmin/index.php/site/login
2013/05/08 12:44:27 [error] [php] Use of undefined constant Ô - assumed 'Ô' (/Applications/MAMP/htdocs/dcadmin/protected/components/RequireLogin.php:12)
Stack trace:
#0 /Applications/MAMP/Library/yii/base/CApplication.php(167): CWebApplication->onBeginRequest()
#1 /Applications/MAMP/htdocs/dcadmin/index.php(15): CWebApplication->run()
REQUEST_URI=/dcadmin/index.php/site/login
2013/05/08 12:44:28 [error] [php] Use of undefined constant Ô - assumed 'Ô' (/Applications/MAMP/htdocs/dcadmin/protected/components/RequireLogin.php:12)
Stack trace:
#0 /Applications/MAMP/Library/yii/base/CApplication.php(167): CWebApplication->onBeginRequest()
#1 /Applications/MAMP/htdocs/dcadmin/index.php(15): CWebApplication->run()
REQUEST_URI=/dcadmin/index.php/site/contact
2013/05/08 12:44:29 [error] [php] Use of undefined constant Ô - assumed 'Ô' (/Applications/MAMP/htdocs/dcadmin/protected/components/RequireLogin.php:12)
Stack trace:
#0 /Applications/MAMP/Library/yii/base/CApplication.php(167): CWebApplication->onBeginRequest()
#1 /Applications/MAMP/htdocs/dcadmin/index.php(15): CWebApplication->run()
REQUEST_URI=/dcadmin/index.php/site/page?view=about
2013/05/08 12:44:29 [error] [php] Use of undefined constant Ô - assumed 'Ô' (/Applications/MAMP/htdocs/dcadmin/protected/components/RequireLogin.php:12)
Stack trace:
#0 /Applications/MAMP/Library/yii/base/CApplication.php(167): CWebApplication->onBeginRequest()
#1 /Applications/MAMP/htdocs/dcadmin/index.php(15): CWebApplication->run()
REQUEST_URI=/dcadmin/index.php/site/index
2013/05/08 12:44:30 [error] [php] Use of undefined constant Ô - assumed 'Ô' (/Applications/MAMP/htdocs/dcadmin/protected/components/RequireLogin.php:12)
Stack trace:
#0 /Applications/MAMP/Library/yii/base/CApplication.php(167): CWebApplication->onBeginRequest()
#1 /Applications/MAMP/htdocs/dcadmin/index.php(15): CWebApplication->run()
REQUEST_URI=/dcadmin/index.php/site/page?view=about
2013/05/08 12:44:31 [error] [php] Use of undefined constant Ô - assumed 'Ô' (/Applications/MAMP/htdocs/dcadmin/protected/components/RequireLogin.php:12)
Stack trace:
#0 /Applications/MAMP/Library/yii/base/CApplication.php(167): CWebApplication->onBeginRequest()
#1 /Applications/MAMP/htdocs/dcadmin/index.php(15): CWebApplication->run()
REQUEST_URI=/dcadmin/index.php/site/contact
2013/05/08 12:44:31 [error] [php] Use of undefined constant Ô - assumed 'Ô' (/Applications/MAMP/htdocs/dcadmin/protected/components/RequireLogin.php:12)
Stack trace:
#0 /Applications/MAMP/Library/yii/base/CApplication.php(167): CWebApplication->onBeginRequest()
#1 /Applications/MAMP/htdocs/dcadmin/index.php(15): CWebApplication->run()
REQUEST_URI=/dcadmin/index.php/site/login
2013/05/08 12:46:55 [error] [php] Undefined index: PATH_INFO (/Applications/MAMP/htdocs/dcadmin/protected/components/RequireLogin.php:12)
Stack trace:
#0 /Applications/MAMP/Library/yii/base/CApplication.php(167): CWebApplication->onBeginRequest()
#1 /Applications/MAMP/htdocs/dcadmin/index.php(15): CWebApplication->run()
REQUEST_URI=/dcadmin/index.php
2013/05/08 12:47:08 [error] [php] Undefined index: PATH_INFO (/Applications/MAMP/htdocs/dcadmin/protected/components/RequireLogin.php:12)
Stack trace:
#0 /Applications/MAMP/Library/yii/base/CApplication.php(167): CWebApplication->onBeginRequest()
#1 /Applications/MAMP/htdocs/dcadmin/index.php(15): CWebApplication->run()
REQUEST_URI=/dcadmin/index.php
2013/05/08 12:53:06 [error] [php] Undefined index: PATH_INFO (/Applications/MAMP/htdocs/dcadmin/protected/components/RequireLogin.php:12)
Stack trace:
#0 /Applications/MAMP/Library/yii/base/CApplication.php(167): CWebApplication->onBeginRequest()
#1 /Applications/MAMP/htdocs/dcadmin/index.php(15): CWebApplication->run()
REQUEST_URI=/dcadmin/index.php
2013/05/08 12:54:05 [error] [php] Use of undefined constant Ô - assumed 'Ô' (/Applications/MAMP/htdocs/dcadmin/protected/components/RequireLogin.php:12)
Stack trace:
#0 /Applications/MAMP/Library/yii/base/CApplication.php(167): CWebApplication->onBeginRequest()
#1 /Applications/MAMP/htdocs/dcadmin/index.php(15): CWebApplication->run()
REQUEST_URI=/dcadmin/
2013/05/08 12:54:15 [error] [php] Use of undefined constant Ô - assumed 'Ô' (/Applications/MAMP/htdocs/dcadmin/protected/components/RequireLogin.php:12)
Stack trace:
#0 /Applications/MAMP/Library/yii/base/CApplication.php(167): CWebApplication->onBeginRequest()
#1 /Applications/MAMP/htdocs/dcadmin/index.php(15): CWebApplication->run()
REQUEST_URI=/dcadmin/index.php
2013/05/08 12:54:30 [error] [php] Use of undefined constant Ôindex - assumed 'Ôindex' (/Applications/MAMP/htdocs/dcadmin/protected/components/RequireLogin.php:12)
Stack trace:
#0 /Applications/MAMP/Library/yii/base/CApplication.php(167): CWebApplication->onBeginRequest()
#1 /Applications/MAMP/htdocs/dcadmin/index.php(15): CWebApplication->run()
REQUEST_URI=/dcadmin/index.php
2013/05/08 12:54:41 [error] [php] Use of undefined constant Ô - assumed 'Ô' (/Applications/MAMP/htdocs/dcadmin/protected/components/RequireLogin.php:12)
Stack trace:
#0 /Applications/MAMP/Library/yii/base/CApplication.php(167): CWebApplication->onBeginRequest()
#1 /Applications/MAMP/htdocs/dcadmin/index.php(15): CWebApplication->run()
REQUEST_URI=/dcadmin/index.php
2013/05/08 12:54:43 [error] [php] Use of undefined constant Ô - assumed 'Ô' (/Applications/MAMP/htdocs/dcadmin/protected/components/RequireLogin.php:12)
Stack trace:
#0 /Applications/MAMP/Library/yii/base/CApplication.php(167): CWebApplication->onBeginRequest()
#1 /Applications/MAMP/htdocs/dcadmin/index.php(15): CWebApplication->run()
REQUEST_URI=/dcadmin/index.php/site/login
2013/05/08 12:54:44 [error] [php] Use of undefined constant Ô - assumed 'Ô' (/Applications/MAMP/htdocs/dcadmin/protected/components/RequireLogin.php:12)
Stack trace:
#0 /Applications/MAMP/Library/yii/base/CApplication.php(167): CWebApplication->onBeginRequest()
#1 /Applications/MAMP/htdocs/dcadmin/index.php(15): CWebApplication->run()
REQUEST_URI=/dcadmin/index.php/site/contact
2013/05/08 12:54:45 [error] [php] Use of undefined constant Ô - assumed 'Ô' (/Applications/MAMP/htdocs/dcadmin/protected/components/RequireLogin.php:12)
Stack trace:
#0 /Applications/MAMP/Library/yii/base/CApplication.php(167): CWebApplication->onBeginRequest()
#1 /Applications/MAMP/htdocs/dcadmin/index.php(15): CWebApplication->run()
REQUEST_URI=/dcadmin/index.php/site/page?view=about
2013/05/08 12:54:46 [error] [php] Use of undefined constant Ô - assumed 'Ô' (/Applications/MAMP/htdocs/dcadmin/protected/components/RequireLogin.php:12)
Stack trace:
#0 /Applications/MAMP/Library/yii/base/CApplication.php(167): CWebApplication->onBeginRequest()
#1 /Applications/MAMP/htdocs/dcadmin/index.php(15): CWebApplication->run()
REQUEST_URI=/dcadmin/index.php/site/index
2013/05/08 12:54:47 [error] [php] Use of undefined constant Ô - assumed 'Ô' (/Applications/MAMP/htdocs/dcadmin/protected/components/RequireLogin.php:12)
Stack trace:
#0 /Applications/MAMP/Library/yii/base/CApplication.php(167): CWebApplication->onBeginRequest()
#1 /Applications/MAMP/htdocs/dcadmin/index.php(15): CWebApplication->run()
REQUEST_URI=/dcadmin/index.php/site/page?view=about
2013/05/08 12:54:47 [error] [php] Use of undefined constant Ô - assumed 'Ô' (/Applications/MAMP/htdocs/dcadmin/protected/components/RequireLogin.php:12)
Stack trace:
#0 /Applications/MAMP/Library/yii/base/CApplication.php(167): CWebApplication->onBeginRequest()
#1 /Applications/MAMP/htdocs/dcadmin/index.php(15): CWebApplication->run()
REQUEST_URI=/dcadmin/index.php/site/contact
2013/05/08 12:54:48 [error] [php] Use of undefined constant Ô - assumed 'Ô' (/Applications/MAMP/htdocs/dcadmin/protected/components/RequireLogin.php:12)
Stack trace:
#0 /Applications/MAMP/Library/yii/base/CApplication.php(167): CWebApplication->onBeginRequest()
#1 /Applications/MAMP/htdocs/dcadmin/index.php(15): CWebApplication->run()
REQUEST_URI=/dcadmin/index.php/site/login
2013/05/08 12:54:58 [error] [php] Use of undefined constant Ôsite - assumed 'Ôsite' (/Applications/MAMP/htdocs/dcadmin/protected/components/RequireLogin.php:12)
Stack trace:
#0 /Applications/MAMP/Library/yii/base/CApplication.php(167): CWebApplication->onBeginRequest()
#1 /Applications/MAMP/htdocs/dcadmin/index.php(15): CWebApplication->run()
REQUEST_URI=/dcadmin/index.php/site/login
2013/05/08 12:55:12 [error] [php] Use of undefined constant Ôsite - assumed 'Ôsite' (/Applications/MAMP/htdocs/dcadmin/protected/components/RequireLogin.php:12)
Stack trace:
#0 /Applications/MAMP/Library/yii/base/CApplication.php(167): CWebApplication->onBeginRequest()
#1 /Applications/MAMP/htdocs/dcadmin/index.php(15): CWebApplication->run()
REQUEST_URI=/dcadmin/index.php/site/login
in /Applications/MAMP/htdocs/dcadmin/protected/components/RequireLogin.php (12)
in /Applications/MAMP/htdocs/dcadmin/index.php (15)
2013/05/08 12:56:12 [error] [php] Undefined index: PATH_INFO (/Applications/MAMP/htdocs/dcadmin/protected/components/RequireLogin.php:12)
Stack trace:
#0 /Applications/MAMP/Library/yii/base/CApplication.php(167): CWebApplication->onBeginRequest()
#1 /Applications/MAMP/htdocs/dcadmin/index.php(15): CWebApplication->run()
REQUEST_URI=/dcadmin/index.php
in /Applications/MAMP/htdocs/dcadmin/protected/components/RequireLogin.php (12)
in /Applications/MAMP/htdocs/dcadmin/index.php (15)
2013/05/08 13:03:11 [error] [php] Undefined index: r (/Applications/MAMP/htdocs/dcadmin/protected/components/RequireLogin.php:12)
Stack trace:
#0 /Applications/MAMP/Library/yii/base/CApplication.php(167): CWebApplication->onBeginRequest()
#1 /Applications/MAMP/htdocs/dcadmin/index.php(15): CWebApplication->run()
REQUEST_URI=/dcadmin/
in /Applications/MAMP/htdocs/dcadmin/protected/components/RequireLogin.php (12)
in /Applications/MAMP/htdocs/dcadmin/index.php (15)
2013/05/08 13:03:30 [error] [php] Undefined index: r (/Applications/MAMP/htdocs/dcadmin/protected/components/RequireLogin.php:12)
Stack trace:
#0 /Applications/MAMP/Library/yii/base/CApplication.php(167): CWebApplication->onBeginRequest()
#1 /Applications/MAMP/htdocs/dcadmin/index.php(15): CWebApplication->run()
REQUEST_URI=/dcadmin/index.php
in /Applications/MAMP/htdocs/dcadmin/protected/components/RequireLogin.php (12)
in /Applications/MAMP/htdocs/dcadmin/index.php (15)
2013/05/08 13:03:43 [error] [php] Undefined index: r (/Applications/MAMP/htdocs/dcadmin/protected/components/RequireLogin.php:12)
Stack trace:
#0 /Applications/MAMP/Library/yii/base/CApplication.php(167): CWebApplication->onBeginRequest()
#1 /Applications/MAMP/htdocs/dcadmin/index.php(15): CWebApplication->run()
REQUEST_URI=/dcadmin/index.php
in /Applications/MAMP/htdocs/dcadmin/protected/components/RequireLogin.php (12)
in /Applications/MAMP/htdocs/dcadmin/index.php (15)
2013/05/08 13:03:45 [error] [php] Undefined index: r (/Applications/MAMP/htdocs/dcadmin/protected/components/RequireLogin.php:12)
Stack trace:
#0 /Applications/MAMP/Library/yii/base/CApplication.php(167): CWebApplication->onBeginRequest()
#1 /Applications/MAMP/htdocs/dcadmin/index.php(15): CWebApplication->run()
REQUEST_URI=/dcadmin/
in /Applications/MAMP/htdocs/dcadmin/protected/components/RequireLogin.php (12)
in /Applications/MAMP/htdocs/dcadmin/index.php (15)
2013/05/08 13:10:03 [error] [php] Undefined index: r (/Applications/MAMP/htdocs/dcadmin/protected/components/RequireLogin.php:12)
Stack trace:
#0 /Applications/MAMP/Library/yii/base/CApplication.php(167): CWebApplication->onBeginRequest()
#1 /Applications/MAMP/htdocs/dcadmin/index.php(15): CWebApplication->run()
REQUEST_URI=/dcadmin/index.php
in /Applications/MAMP/htdocs/dcadmin/protected/components/RequireLogin.php (12)
in /Applications/MAMP/htdocs/dcadmin/index.php (15)
2013/05/08 13:10:36 [error] [php] Undefined index: r (/Applications/MAMP/htdocs/dcadmin/protected/components/RequireLogin.php:12)
Stack trace:
#0 /Applications/MAMP/Library/yii/base/CApplication.php(167): CWebApplication->onBeginRequest()
#1 /Applications/MAMP/htdocs/dcadmin/index.php(15): CWebApplication->run()
REQUEST_URI=/dcadmin/
in /Applications/MAMP/htdocs/dcadmin/protected/components/RequireLogin.php (12)
in /Applications/MAMP/htdocs/dcadmin/index.php (15)
2013/05/08 13:11:01 [error] [php] Use of undefined constant Ôsite - assumed 'Ôsite' (/Applications/MAMP/htdocs/dcadmin/protected/components/RequireLogin.php:12)
Stack trace:
#0 /Applications/MAMP/Library/yii/base/CApplication.php(167): CWebApplication->onBeginRequest()
#1 /Applications/MAMP/htdocs/dcadmin/index.php(15): CWebApplication->run()
REQUEST_URI=/dcadmin/index.php?r=site/login
in /Applications/MAMP/htdocs/dcadmin/protected/components/RequireLogin.php (12)
in /Applications/MAMP/htdocs/dcadmin/index.php (15)
2013/05/08 13:11:13 [error] [php] Use of undefined constant Ôsite - assumed 'Ôsite' (/Applications/MAMP/htdocs/dcadmin/protected/components/RequireLogin.php:12)
Stack trace:
#0 /Applications/MAMP/Library/yii/base/CApplication.php(167): CWebApplication->onBeginRequest()
#1 /Applications/MAMP/htdocs/dcadmin/index.php(15): CWebApplication->run()
REQUEST_URI=/dcadmin/index.php?r=site/login
in /Applications/MAMP/htdocs/dcadmin/protected/components/RequireLogin.php (12)
in /Applications/MAMP/htdocs/dcadmin/index.php (15)
2013/05/08 13:11:36 [error] [php] Use of undefined constant Ô - assumed 'Ô' (/Applications/MAMP/htdocs/dcadmin/protected/components/RequireLogin.php:12)
Stack trace:
#0 /Applications/MAMP/Library/yii/base/CApplication.php(167): CWebApplication->onBeginRequest()
#1 /Applications/MAMP/htdocs/dcadmin/index.php(15): CWebApplication->run()
REQUEST_URI=/dcadmin/index.php?r=site/login
in /Applications/MAMP/htdocs/dcadmin/protected/components/RequireLogin.php (12)
in /Applications/MAMP/htdocs/dcadmin/index.php (15)
2013/05/08 13:11:38 [error] [php] Use of undefined constant Ô - assumed 'Ô' (/Applications/MAMP/htdocs/dcadmin/protected/components/RequireLogin.php:12)
Stack trace:
#0 /Applications/MAMP/Library/yii/base/CApplication.php(167): CWebApplication->onBeginRequest()
#1 /Applications/MAMP/htdocs/dcadmin/index.php(15): CWebApplication->run()
REQUEST_URI=/dcadmin/
in /Applications/MAMP/htdocs/dcadmin/protected/components/RequireLogin.php (12)
in /Applications/MAMP/htdocs/dcadmin/index.php (15)
2013/05/08 13:34:22 [error] [php] Undefined variable: locations (/Applications/MAMP/htdocs/dcadmin/protected/views/lesson/_form.php:20)
Stack trace:
#0 /Applications/MAMP/Library/yii/web/CController.php(869): LessonController->renderFile()
#1 /Applications/MAMP/htdocs/dcadmin/protected/views/lesson/create.php(18): LessonController->renderPartial()
#2 /Applications/MAMP/Library/yii/web/CBaseController.php(126): require()
#3 /Applications/MAMP/Library/yii/web/CBaseController.php(95): LessonController->renderInternal()
#4 /Applications/MAMP/Library/yii/web/CController.php(869): LessonController->renderFile()
#5 /Applications/MAMP/Library/yii/web/CController.php(782): LessonController->renderPartial()
#6 /Applications/MAMP/htdocs/dcadmin/protected/controllers/LessonController.php(79): LessonController->render()
#7 /Applications/MAMP/Library/yii/web/actions/CInlineAction.php(49): LessonController->actionCreate()
#8 /Applications/MAMP/Library/yii/web/CController.php(308): CInlineAction->runWithParams()
#9 /Applications/MAMP/Library/yii/web/filters/CFilterChain.php(133): LessonController->runAction()
#10 /Applications/MAMP/Library/yii/web/filters/CFilter.php(40): CFilterChain->run()
#11 /Applications/MAMP/Library/yii/web/CController.php(1145): CAccessControlFilter->filter()
#12 /Applications/MAMP/Library/yii/web/filters/CInlineFilter.php(58): LessonController->filterAccessControl()
#13 /Applications/MAMP/Library/yii/web/filters/CFilterChain.php(130): CInlineFilter->filter()
#14 /Applications/MAMP/Library/yii/web/CController.php(291): CFilterChain->run()
#15 /Applications/MAMP/Library/yii/web/CController.php(265): LessonController->runActionWithFilters()
#16 /Applications/MAMP/Library/yii/web/CWebApplication.php(282): LessonController->run()
#17 /Applications/MAMP/Library/yii/web/CWebApplication.php(141): CWebApplication->runController()
#18 /Applications/MAMP/Library/yii/base/CApplication.php(169): CWebApplication->processRequest()
#19 /Applications/MAMP/htdocs/dcadmin/index.php(15): CWebApplication->run()
REQUEST_URI=/dcadmin/index.php/lesson/create
in /Applications/MAMP/htdocs/dcadmin/protected/views/lesson/_form.php (20)
in /Applications/MAMP/htdocs/dcadmin/protected/views/lesson/create.php (18)
in /Applications/MAMP/htdocs/dcadmin/protected/controllers/LessonController.php (79)
2013/05/08 13:48:53 [error] [php] Undefined variable: locations (/Applications/MAMP/htdocs/dcadmin/protected/views/lesson/_form.php:20)
Stack trace:
#0 /Applications/MAMP/Library/yii/web/CController.php(869): LessonController->renderFile()
#1 /Applications/MAMP/htdocs/dcadmin/protected/views/lesson/create.php(18): LessonController->renderPartial()
#2 /Applications/MAMP/Library/yii/web/CBaseController.php(126): require()
#3 /Applications/MAMP/Library/yii/web/CBaseController.php(95): LessonController->renderInternal()
#4 /Applications/MAMP/Library/yii/web/CController.php(869): LessonController->renderFile()
#5 /Applications/MAMP/Library/yii/web/CController.php(782): LessonController->renderPartial()
#6 /Applications/MAMP/htdocs/dcadmin/protected/controllers/LessonController.php(79): LessonController->render()
#7 /Applications/MAMP/Library/yii/web/actions/CInlineAction.php(49): LessonController->actionCreate()
#8 /Applications/MAMP/Library/yii/web/CController.php(308): CInlineAction->runWithParams()
#9 /Applications/MAMP/Library/yii/web/filters/CFilterChain.php(133): LessonController->runAction()
#10 /Applications/MAMP/Library/yii/web/filters/CFilter.php(40): CFilterChain->run()
#11 /Applications/MAMP/Library/yii/web/CController.php(1145): CAccessControlFilter->filter()
#12 /Applications/MAMP/Library/yii/web/filters/CInlineFilter.php(58): LessonController->filterAccessControl()
#13 /Applications/MAMP/Library/yii/web/filters/CFilterChain.php(130): CInlineFilter->filter()
#14 /Applications/MAMP/Library/yii/web/CController.php(291): CFilterChain->run()
#15 /Applications/MAMP/Library/yii/web/CController.php(265): LessonController->runActionWithFilters()
#16 /Applications/MAMP/Library/yii/web/CWebApplication.php(282): LessonController->run()
#17 /Applications/MAMP/Library/yii/web/CWebApplication.php(141): CWebApplication->runController()
#18 /Applications/MAMP/Library/yii/base/CApplication.php(169): CWebApplication->processRequest()
#19 /Applications/MAMP/htdocs/dcadmin/index.php(15): CWebApplication->run()
REQUEST_URI=/dcadmin/index.php/lesson/create
in /Applications/MAMP/htdocs/dcadmin/protected/views/lesson/_form.php (20)
in /Applications/MAMP/htdocs/dcadmin/protected/views/lesson/create.php (18)
in /Applications/MAMP/htdocs/dcadmin/protected/controllers/LessonController.php (79)
2013/05/08 13:54:20 [error] [php] Use of undefined constant l - assumed 'l' (/Applications/MAMP/htdocs/dcadmin/protected/views/lesson/_form.php:20)
Stack trace:
#0 /Applications/MAMP/Library/yii/web/CController.php(869): LessonController->renderFile()
#1 /Applications/MAMP/htdocs/dcadmin/protected/views/lesson/create.php(18): LessonController->renderPartial()
#2 /Applications/MAMP/Library/yii/web/CBaseController.php(126): require()
#3 /Applications/MAMP/Library/yii/web/CBaseController.php(95): LessonController->renderInternal()
#4 /Applications/MAMP/Library/yii/web/CController.php(869): LessonController->renderFile()
#5 /Applications/MAMP/Library/yii/web/CController.php(782): LessonController->renderPartial()
#6 /Applications/MAMP/htdocs/dcadmin/protected/controllers/LessonController.php(79): LessonController->render()
#7 /Applications/MAMP/Library/yii/web/actions/CInlineAction.php(49): LessonController->actionCreate()
#8 /Applications/MAMP/Library/yii/web/CController.php(308): CInlineAction->runWithParams()
#9 /Applications/MAMP/Library/yii/web/filters/CFilterChain.php(133): LessonController->runAction()
#10 /Applications/MAMP/Library/yii/web/filters/CFilter.php(40): CFilterChain->run()
#11 /Applications/MAMP/Library/yii/web/CController.php(1145): CAccessControlFilter->filter()
#12 /Applications/MAMP/Library/yii/web/filters/CInlineFilter.php(58): LessonController->filterAccessControl()
#13 /Applications/MAMP/Library/yii/web/filters/CFilterChain.php(130): CInlineFilter->filter()
#14 /Applications/MAMP/Library/yii/web/CController.php(291): CFilterChain->run()
#15 /Applications/MAMP/Library/yii/web/CController.php(265): LessonController->runActionWithFilters()
#16 /Applications/MAMP/Library/yii/web/CWebApplication.php(282): LessonController->run()
#17 /Applications/MAMP/Library/yii/web/CWebApplication.php(141): CWebApplication->runController()
#18 /Applications/MAMP/Library/yii/base/CApplication.php(169): CWebApplication->processRequest()
#19 /Applications/MAMP/htdocs/dcadmin/index.php(15): CWebApplication->run()
REQUEST_URI=/dcadmin/index.php/lesson/create
in /Applications/MAMP/htdocs/dcadmin/protected/views/lesson/_form.php (20)
in /Applications/MAMP/htdocs/dcadmin/protected/views/lesson/create.php (18)
in /Applications/MAMP/htdocs/dcadmin/protected/controllers/LessonController.php (79)
2013/05/08 14:01:59 [error] [php] include(NodeTypes.php): failed to open stream: No such file or directory (/Applications/MAMP/Library/yii/YiiBase.php:421)
Stack trace:
#0 /Applications/MAMP/htdocs/dcadmin/protected/views/lesson/_form.php(26): spl_autoload_call()
#1 /Applications/MAMP/Library/yii/web/CBaseController.php(126): require()
#2 /Applications/MAMP/Library/yii/web/CBaseController.php(95): LessonController->renderInternal()
#3 /Applications/MAMP/Library/yii/web/CController.php(869): LessonController->renderFile()
#4 /Applications/MAMP/htdocs/dcadmin/protected/views/lesson/create.php(18): LessonController->renderPartial()
#5 /Applications/MAMP/Library/yii/web/CBaseController.php(126): require()
#6 /Applications/MAMP/Library/yii/web/CBaseController.php(95): LessonController->renderInternal()
#7 /Applications/MAMP/Library/yii/web/CController.php(869): LessonController->renderFile()
#8 /Applications/MAMP/Library/yii/web/CController.php(782): LessonController->renderPartial()
#9 /Applications/MAMP/htdocs/dcadmin/protected/controllers/LessonController.php(79): LessonController->render()
#10 /Applications/MAMP/Library/yii/web/actions/CInlineAction.php(49): LessonController->actionCreate()
#11 /Applications/MAMP/Library/yii/web/CController.php(308): CInlineAction->runWithParams()
#12 /Applications/MAMP/Library/yii/web/filters/CFilterChain.php(133): LessonController->runAction()
#13 /Applications/MAMP/Library/yii/web/filters/CFilter.php(40): CFilterChain->run()
#14 /Applications/MAMP/Library/yii/web/CController.php(1145): CAccessControlFilter->filter()
#15 /Applications/MAMP/Library/yii/web/filters/CInlineFilter.php(58): LessonController->filterAccessControl()
#16 /Applications/MAMP/Library/yii/web/filters/CFilterChain.php(130): CInlineFilter->filter()
#17 /Applications/MAMP/Library/yii/web/CController.php(291): CFilterChain->run()
#18 /Applications/MAMP/Library/yii/web/CController.php(265): LessonController->runActionWithFilters()
#19 /Applications/MAMP/Library/yii/web/CWebApplication.php(282): LessonController->run()
#20 /Applications/MAMP/Library/yii/web/CWebApplication.php(141): CWebApplication->runController()
#21 /Applications/MAMP/Library/yii/base/CApplication.php(169): CWebApplication->processRequest()
#22 /Applications/MAMP/htdocs/dcadmin/index.php(15): CWebApplication->run()
REQUEST_URI=/dcadmin/index.php/lesson/create
in /Applications/MAMP/htdocs/dcadmin/protected/views/lesson/_form.php (26)
in /Applications/MAMP/htdocs/dcadmin/protected/views/lesson/create.php (18)
in /Applications/MAMP/htdocs/dcadmin/protected/controllers/LessonController.php (79)
2013/05/08 14:02:11 [error] [exception.CException] exception 'CException' with message 'Property "Lesson.node_types_id" is not defined.' in /Applications/MAMP/Library/yii/base/CComponent.php:130
Stack trace:
#0 /Applications/MAMP/Library/yii/db/ar/CActiveRecord.php(143): CComponent->__get('node_types_id')
#1 /Applications/MAMP/Library/yii/web/helpers/CHtml.php(2255): CActiveRecord->__get('node_types_id')
#2 /Applications/MAMP/Library/yii/web/helpers/CHtml.php(1565): CHtml::resolveValue(Object(Lesson), 'node_types_id')
#3 /Applications/MAMP/Library/yii/web/widgets/CActiveForm.php(763): CHtml::activeDropDownList(Object(Lesson), 'node_types_id', Array, Array)
#4 /Applications/MAMP/htdocs/dcadmin/protected/views/lesson/_form.php(26): CActiveForm->dropDownList(Object(Lesson), 'node_types_id', Array)
#5 /Applications/MAMP/Library/yii/web/CBaseController.php(126): require('/Applications/M...')
#6 /Applications/MAMP/Library/yii/web/CBaseController.php(95): CBaseController->renderInternal('/Applications/M...', Array, true)
#7 /Applications/MAMP/Library/yii/web/CController.php(869): CBaseController->renderFile('/Applications/M...', Array, true)
#8 /Applications/MAMP/htdocs/dcadmin/protected/views/lesson/create.php(18): CController->renderPartial('_form', Array)
#9 /Applications/MAMP/Library/yii/web/CBaseController.php(126): require('/Applications/M...')
#10 /Applications/MAMP/Library/yii/web/CBaseController.php(95): CBaseController->renderInternal('/Applications/M...', Array, true)
#11 /Applications/MAMP/Library/yii/web/CController.php(869): CBaseController->renderFile('/Applications/M...', Array, true)
#12 /Applications/MAMP/Library/yii/web/CController.php(782): CController->renderPartial('create', Array, true)
#13 /Applications/MAMP/htdocs/dcadmin/protected/controllers/LessonController.php(79): CController->render('create', Array)
#14 /Applications/MAMP/Library/yii/web/actions/CInlineAction.php(49): LessonController->actionCreate()
#15 /Applications/MAMP/Library/yii/web/CController.php(308): CInlineAction->runWithParams(Array)
#16 /Applications/MAMP/Library/yii/web/filters/CFilterChain.php(133): CController->runAction(Object(CInlineAction))
#17 /Applications/MAMP/Library/yii/web/filters/CFilter.php(40): CFilterChain->run()
#18 /Applications/MAMP/Library/yii/web/CController.php(1145): CFilter->filter(Object(CFilterChain))
#19 /Applications/MAMP/Library/yii/web/filters/CInlineFilter.php(58): CController->filterAccessControl(Object(CFilterChain))
#20 /Applications/MAMP/Library/yii/web/filters/CFilterChain.php(130): CInlineFilter->filter(Object(CFilterChain))
#21 /Applications/MAMP/Library/yii/web/CController.php(291): CFilterChain->run()
#22 /Applications/MAMP/Library/yii/web/CController.php(265): CController->runActionWithFilters(Object(CInlineAction), Array)
#23 /Applications/MAMP/Library/yii/web/CWebApplication.php(282): CController->run('create')
#24 /Applications/MAMP/Library/yii/web/CWebApplication.php(141): CWebApplication->runController('lesson/create')
#25 /Applications/MAMP/Library/yii/base/CApplication.php(169): CWebApplication->processRequest()
#26 /Applications/MAMP/htdocs/dcadmin/index.php(15): CApplication->run()
#27 {main}
REQUEST_URI=/dcadmin/index.php/lesson/create
HTTP_REFERER=http://localhost:8888/dcadmin/
---
2013/05/08 14:08:07 [error] [exception.CHttpException.403] exception 'CHttpException' with message 'You are not authorized to perform this action.' in /Applications/MAMP/Library/yii/web/auth/CAccessControlFilter.php:179
Stack trace:
#0 /Applications/MAMP/Library/yii/web/auth/CAccessControlFilter.php(142): CAccessControlFilter->accessDenied(Object(CWebUser), 'You are not aut...')
#1 /Applications/MAMP/Library/yii/web/filters/CFilter.php(38): CAccessControlFilter->preFilter(Object(CFilterChain))
#2 /Applications/MAMP/Library/yii/web/CController.php(1145): CFilter->filter(Object(CFilterChain))
#3 /Applications/MAMP/Library/yii/web/filters/CInlineFilter.php(58): CController->filterAccessControl(Object(CFilterChain))
#4 /Applications/MAMP/Library/yii/web/filters/CFilterChain.php(130): CInlineFilter->filter(Object(CFilterChain))
#5 /Applications/MAMP/Library/yii/web/CController.php(291): CFilterChain->run()
#6 /Applications/MAMP/Library/yii/web/CController.php(265): CController->runActionWithFilters(Object(CInlineAction), Array)
#7 /Applications/MAMP/Library/yii/web/CWebApplication.php(282): CController->run('delete')
#8 /Applications/MAMP/Library/yii/web/CWebApplication.php(141): CWebApplication->runController('course/delete')
#9 /Applications/MAMP/Library/yii/base/CApplication.php(169): CWebApplication->processRequest()
#10 /Applications/MAMP/htdocs/dcadmin/index.php(15): CApplication->run()
#11 {main}
REQUEST_URI=/dcadmin/index.php/course/delete/8
HTTP_REFERER=http://localhost:8888/dcadmin/index.php/course/8
---
2013/05/08 14:08:12 [error] [exception.CHttpException.403] exception 'CHttpException' with message 'You are not authorized to perform this action.' in /Applications/MAMP/Library/yii/web/auth/CAccessControlFilter.php:179
Stack trace:
#0 /Applications/MAMP/Library/yii/web/auth/CAccessControlFilter.php(142): CAccessControlFilter->accessDenied(Object(CWebUser), 'You are not aut...')
#1 /Applications/MAMP/Library/yii/web/filters/CFilter.php(38): CAccessControlFilter->preFilter(Object(CFilterChain))
#2 /Applications/MAMP/Library/yii/web/CController.php(1145): CFilter->filter(Object(CFilterChain))
#3 /Applications/MAMP/Library/yii/web/filters/CInlineFilter.php(58): CController->filterAccessControl(Object(CFilterChain))
#4 /Applications/MAMP/Library/yii/web/filters/CFilterChain.php(130): CInlineFilter->filter(Object(CFilterChain))
#5 /Applications/MAMP/Library/yii/web/CController.php(291): CFilterChain->run()
#6 /Applications/MAMP/Library/yii/web/CController.php(265): CController->runActionWithFilters(Object(CInlineAction), Array)
#7 /Applications/MAMP/Library/yii/web/CWebApplication.php(282): CController->run('delete')
#8 /Applications/MAMP/Library/yii/web/CWebApplication.php(141): CWebApplication->runController('course/delete')
#9 /Applications/MAMP/Library/yii/base/CApplication.php(169): CWebApplication->processRequest()
#10 /Applications/MAMP/htdocs/dcadmin/index.php(15): CApplication->run()
#11 {main}
REQUEST_URI=/dcadmin/index.php/course/delete/8
HTTP_REFERER=http://localhost:8888/dcadmin/index.php/course/8
---
2013/05/08 14:08:21 [error] [exception.CHttpException.403] exception 'CHttpException' with message 'You are not authorized to perform this action.' in /Applications/MAMP/Library/yii/web/auth/CAccessControlFilter.php:179
Stack trace:
#0 /Applications/MAMP/Library/yii/web/auth/CAccessControlFilter.php(142): CAccessControlFilter->accessDenied(Object(CWebUser), 'You are not aut...')
#1 /Applications/MAMP/Library/yii/web/filters/CFilter.php(38): CAccessControlFilter->preFilter(Object(CFilterChain))
#2 /Applications/MAMP/Library/yii/web/CController.php(1145): CFilter->filter(Object(CFilterChain))
#3 /Applications/MAMP/Library/yii/web/filters/CInlineFilter.php(58): CController->filterAccessControl(Object(CFilterChain))
#4 /Applications/MAMP/Library/yii/web/filters/CFilterChain.php(130): CInlineFilter->filter(Object(CFilterChain))
#5 /Applications/MAMP/Library/yii/web/CController.php(291): CFilterChain->run()
#6 /Applications/MAMP/Library/yii/web/CController.php(265): CController->runActionWithFilters(Object(CInlineAction), Array)
#7 /Applications/MAMP/Library/yii/web/CWebApplication.php(282): CController->run('admin')
#8 /Applications/MAMP/Library/yii/web/CWebApplication.php(141): CWebApplication->runController('course/admin')
#9 /Applications/MAMP/Library/yii/base/CApplication.php(169): CWebApplication->processRequest()
#10 /Applications/MAMP/htdocs/dcadmin/index.php(15): CApplication->run()
#11 {main}
REQUEST_URI=/dcadmin/index.php/course/admin
HTTP_REFERER=http://localhost:8888/dcadmin/index.php/course/create
---
2013/05/08 14:08:25 [error] [exception.CHttpException.403] exception 'CHttpException' with message 'You are not authorized to perform this action.' in /Applications/MAMP/Library/yii/web/auth/CAccessControlFilter.php:179
Stack trace:
#0 /Applications/MAMP/Library/yii/web/auth/CAccessControlFilter.php(142): CAccessControlFilter->accessDenied(Object(CWebUser), 'You are not aut...')
#1 /Applications/MAMP/Library/yii/web/filters/CFilter.php(38): CAccessControlFilter->preFilter(Object(CFilterChain))
#2 /Applications/MAMP/Library/yii/web/CController.php(1145): CFilter->filter(Object(CFilterChain))
#3 /Applications/MAMP/Library/yii/web/filters/CInlineFilter.php(58): CController->filterAccessControl(Object(CFilterChain))
#4 /Applications/MAMP/Library/yii/web/filters/CFilterChain.php(130): CInlineFilter->filter(Object(CFilterChain))
#5 /Applications/MAMP/Library/yii/web/CController.php(291): CFilterChain->run()
#6 /Applications/MAMP/Library/yii/web/CController.php(265): CController->runActionWithFilters(Object(CInlineAction), Array)
#7 /Applications/MAMP/Library/yii/web/CWebApplication.php(282): CController->run('admin')
#8 /Applications/MAMP/Library/yii/web/CWebApplication.php(141): CWebApplication->runController('course/admin')
#9 /Applications/MAMP/Library/yii/base/CApplication.php(169): CWebApplication->processRequest()
#10 /Applications/MAMP/htdocs/dcadmin/index.php(15): CApplication->run()
#11 {main}
REQUEST_URI=/dcadmin/index.php/course/admin
---
2013/05/08 14:08:30 [error] [exception.CHttpException.403] exception 'CHttpException' with message 'You are not authorized to perform this action.' in /Applications/MAMP/Library/yii/web/auth/CAccessControlFilter.php:179
Stack trace:
#0 /Applications/MAMP/Library/yii/web/auth/CAccessControlFilter.php(142): CAccessControlFilter->accessDenied(Object(CWebUser), 'You are not aut...')
#1 /Applications/MAMP/Library/yii/web/filters/CFilter.php(38): CAccessControlFilter->preFilter(Object(CFilterChain))
#2 /Applications/MAMP/Library/yii/web/CController.php(1145): CFilter->filter(Object(CFilterChain))
#3 /Applications/MAMP/Library/yii/web/filters/CInlineFilter.php(58): CController->filterAccessControl(Object(CFilterChain))
#4 /Applications/MAMP/Library/yii/web/filters/CFilterChain.php(130): CInlineFilter->filter(Object(CFilterChain))
#5 /Applications/MAMP/Library/yii/web/CController.php(291): CFilterChain->run()
#6 /Applications/MAMP/Library/yii/web/CController.php(265): CController->runActionWithFilters(Object(CInlineAction), Array)
#7 /Applications/MAMP/Library/yii/web/CWebApplication.php(282): CController->run('admin')
#8 /Applications/MAMP/Library/yii/web/CWebApplication.php(141): CWebApplication->runController('lesson/admin')
#9 /Applications/MAMP/Library/yii/base/CApplication.php(169): CWebApplication->processRequest()
#10 /Applications/MAMP/htdocs/dcadmin/index.php(15): CApplication->run()
#11 {main}
REQUEST_URI=/dcadmin/index.php/lesson/admin
HTTP_REFERER=http://localhost:8888/dcadmin/index.php/lesson/create
---
